Set parameter Username
Set parameter LicenseID to value 2646195
Set parameter Username
Set parameter LicenseID to value 2646195
Academic license - for non-commercial use only - expires 2026-04-01
Academic license - for non-commercial use only - expires 2026-04-01
Set parameter Username
Set parameter LicenseID to value 2646195
Academic license - for non-commercial use only - expires 2026-04-01
Set parameter Username
Set parameter LicenseID to value 2646195
Academic license - for non-commercial use only - expires 2026-04-01
Set parameter Username
Set parameter LicenseID to value 2646195
Academic license - for non-commercial use only - expires 2026-04-01
Set parameter Username
Set parameter LicenseID to value 2646195
Academic license - for non-commercial use only - expires 2026-04-01
Set parameter Username
Set parameter LicenseID to value 2646195
Academic license - for non-commercial use only - expires 2026-04-01
Set parameter Username
Set parameter LicenseID to value 2646195
Academic license - for non-commercial use only - expires 2026-04-01
Set parameter Username
Set parameter LicenseID to value 2646195
Academic license - for non-commercial use only - expires 2026-04-01
Set parameter Username
Set parameter LicenseID to value 2646195
Academic license - for non-commercial use only - expires 2026-04-01
Set parameter Username
Set parameter LicenseID to value 2646195
Academic license - for non-commercial use only - expires 2026-04-01
Set parameter Username
Set parameter LicenseID to value 2646195
Set parameter Username
Set parameter LicenseID to value 2646195
Academic license - for non-commercial use only - expires 2026-04-01
Academic license - for non-commercial use only - expires 2026-04-01
Set parameter Username
Set parameter LicenseID to value 2646195
Academic license - for non-commercial use only - expires 2026-04-01
Set parameter Username
Set parameter LicenseID to value 2646195
Academic license - for non-commercial use only - expires 2026-04-01
Set parameter Username
Set parameter LicenseID to value 2646195
Academic license - for non-commercial use only - expires 2026-04-01
Set parameter Username
Set parameter LicenseID to value 2646195
Academic license - for non-commercial use only - expires 2026-04-01
Set parameter Username
Set parameter LicenseID to value 2646195
Academic license - for non-commercial use only - expires 2026-04-01
Set parameter Username
Set parameter LicenseID to value 2646195
Academic license - for non-commercial use only - expires 2026-04-01
Set parameter Username
Set parameter LicenseID to value 2646195
Academic license - for non-commercial use only - expires 2026-04-01
Set parameter Username
Set parameter LicenseID to value 2646195
Academic license - for non-commercial use only - expires 2026-04-01
Set parameter Username
Set parameter LicenseID to value 2646195
Academic license - for non-commercial use only - expires 2026-04-01
Set parameter Username
Set parameter LicenseID to value 2646195
Academic license - for non-commercial use only - expires 2026-04-01
Set parameter Username
Set parameter LicenseID to value 2646195
Academic license - for non-commercial use only - expires 2026-04-01
Set parameter Username
Set parameter LicenseID to value 2646195
Academic license - for non-commercial use only - expires 2026-04-01
Set parameter Username
Set parameter LicenseID to value 2646195
Academic license - for non-commercial use only - expires 2026-04-01
Set parameter Username
Set parameter LicenseID to value 2646195
Academic license - for non-commercial use only - expires 2026-04-01
Set parameter Username
Set parameter LicenseID to value 2646195
Academic license - for non-commercial use only - expires 2026-04-01
Set parameter Username
Set parameter LicenseID to value 2646195
Academic license - for non-commercial use only - expires 2026-04-01
Set parameter Username
Set parameter LicenseID to value 2646195
Academic license - for non-commercial use only - expires 2026-04-01
  Activating project at `/p/projects/coen/projects/StoFlex3`
/p/projects/coen/projects/StoFlex3/scripts
BLAS Threads: 64
Julia Threads: 1
Hourly electricity demand: min = 233.988,  mean = 2461.594053881279, max = 5749.52
Hourly heat demand: min = 73.26,  mean = 1336.0718652968037, max = 4376.46
Hourly PV production at max. investment: mean = 1919.2439409905166, max = 13307.692307692307
Hourly wind production at max. investment: mean = 2937.80025029931, max = 10000.0
Running experiments with (F = 250, flex_interval = 12, n_samples = 4).
Saving results to /p/projects/coen/projects/StoFlex3/scripts/../exp_results/defaults/
Optimizing the background model...
skipping save
Optimizing the capacity only model...
skipping save
Optimizing the OFIOR model...
Optimizing sp_ini...
Optimizing sp_re...
Optimizing the OFOR model...
Optimizing sp_ini...
Optimizing sp_re...
Optimizing the OFR model...
Optimizing sp_ini...
Optimizing sp_re...
Optimizing the background investment with scenarios...
Optimizing sp_ini...
Optimizing sp_re...
Index of F capacity: 1, index of flexibility interval: 2, index of n samples 3
Set parameter Username
Set parameter LicenseID to value 2646195
Academic license - for non-commercial use only - expires 2026-04-01
Set parameter Username
Set parameter LicenseID to value 2646195
Academic license - for non-commercial use only - expires 2026-04-01
Set parameter Username
Set parameter LicenseID to value 2646195
Academic license - for non-commercial use only - expires 2026-04-01
Set parameter Username
Set parameter LicenseID to value 2646195
Academic license - for non-commercial use only - expires 2026-04-01
Set parameter Username
Set parameter LicenseID to value 2646195
Academic license - for non-commercial use only - expires 2026-04-01
Set parameter Username
Set parameter LicenseID to value 2646195
Academic license - for non-commercial use only - expires 2026-04-01
  Activating project at `/p/projects/coen/projects/StoFlex3`
/p/projects/coen/projects/StoFlex3/scripts
BLAS Threads: 64
Julia Threads: 1
Hourly electricity demand: min = 233.988,  mean = 2461.594053881279, max = 5749.52
Hourly heat demand: min = 73.26,  mean = 1336.0718652968037, max = 4376.46
Hourly PV production at max. investment: mean = 1919.2439409905166, max = 13307.692307692307
Hourly wind production at max. investment: mean = 2937.80025029931, max = 10000.0
Running experiments with (F = 250, flex_interval = 12, n_samples = 6).
Saving results to /p/projects/coen/projects/StoFlex3/scripts/../exp_results/defaults/
Optimizing the background model...
skipping save
Optimizing the capacity only model...
skipping save
Optimizing the OFIOR model...
Optimizing sp_ini...
Optimizing sp_re...
Optimizing the OFOR model...
Optimizing sp_ini...
Optimizing sp_re...
Optimizing the OFR model...
Optimizing sp_ini...
Optimizing sp_re...
Optimizing the background investment with scenarios...
Optimizing sp_ini...
Optimizing sp_re...
Index of F capacity: 1, index of flexibility interval: 2, index of n samples 4
Set parameter Username
Set parameter LicenseID to value 2646195
Academic license - for non-commercial use only - expires 2026-04-01
Set parameter Username
Set parameter LicenseID to value 2646195
Academic license - for non-commercial use only - expires 2026-04-01
Set parameter Username
Set parameter LicenseID to value 2646195
Academic license - for non-commercial use only - expires 2026-04-01
Set parameter Username
Set parameter LicenseID to value 2646195
Academic license - for non-commercial use only - expires 2026-04-01
Set parameter Username
Set parameter LicenseID to value 2646195
Academic license - for non-commercial use only - expires 2026-04-01
Set parameter Username
Set parameter LicenseID to value 2646195
Academic license - for non-commercial use only - expires 2026-04-01
  Activating project at `/p/projects/coen/projects/StoFlex3`
/p/projects/coen/projects/StoFlex3/scripts
BLAS Threads: 64
Julia Threads: 1
Hourly electricity demand: min = 233.988,  mean = 2461.594053881279, max = 5749.52
Hourly heat demand: min = 73.26,  mean = 1336.0718652968037, max = 4376.46
Hourly PV production at max. investment: mean = 1919.2439409905166, max = 13307.692307692307
Hourly wind production at max. investment: mean = 2937.80025029931, max = 10000.0
Running experiments with (F = 250, flex_interval = 6, n_samples = 4).
Saving results to /p/projects/coen/projects/StoFlex3/scripts/../exp_results/defaults/
Optimizing the background model...
Saving the first-stage model background at /p/projects/coen/projects/StoFlex3/scripts/../exp_results/defaults/.
termination_status(sp) = MathOptInterface.OPTIMAL
Optimizing the capacity only model...
Saving the first-stage model capacity_only at /p/projects/coen/projects/StoFlex3/scripts/../exp_results/defaults/F_250/.
termination_status(sp) = MathOptInterface.OPTIMAL
Optimizing the OFIOR model...
Optimizing sp_ini...
Optimizing sp_re...
Optimizing the OFOR model...
Optimizing sp_ini...
Optimizing sp_re...
Optimizing the OFR model...
Optimizing sp_ini...
Optimizing sp_re...
Optimizing the background investment with scenarios...
Optimizing sp_ini...
Optimizing sp_re...
Index of F capacity: 1, index of flexibility interval: 2, index of n samples 5
Set parameter Username
Set parameter LicenseID to value 2646195
Academic license - for non-commercial use only - expires 2026-04-01
Set parameter Username
Set parameter LicenseID to value 2646195
Academic license - for non-commercial use only - expires 2026-04-01
Set parameter Username
Set parameter LicenseID to value 2646195
Academic license - for non-commercial use only - expires 2026-04-01
Set parameter Username
Set parameter LicenseID to value 2646195
Academic license - for non-commercial use only - expires 2026-04-01
Set parameter Username
Set parameter LicenseID to value 2646195
Academic license - for non-commercial use only - expires 2026-04-01
Set parameter Username
Set parameter LicenseID to value 2646195
Academic license - for non-commercial use only - expires 2026-04-01
Set parameter Username
Set parameter LicenseID to value 2646195
Academic license - for non-commercial use only - expires 2026-04-01
Set parameter Username
Set parameter LicenseID to value 2646195
Academic license - for non-commercial use only - expires 2026-04-01
  Activating project at `/p/projects/coen/projects/StoFlex3`
/p/projects/coen/projects/StoFlex3/scripts
BLAS Threads: 64
Julia Threads: 1
Hourly electricity demand: min = 233.988,  mean = 2461.594053881279, max = 5749.52
Hourly heat demand: min = 73.26,  mean = 1336.0718652968037, max = 4376.46
Hourly PV production at max. investment: mean = 1919.2439409905166, max = 13307.692307692307
Hourly wind production at max. investment: mean = 2937.80025029931, max = 10000.0
Running experiments with (F = 250, flex_interval = 12, n_samples = 8).
Saving results to /p/projects/coen/projects/StoFlex3/scripts/../exp_results/defaults/
Optimizing the background model...
skipping save
Optimizing the capacity only model...
skipping save
Optimizing the OFIOR model...
Optimizing sp_ini...
Optimizing sp_re...
Optimizing the OFOR model...
Optimizing sp_ini...
Optimizing sp_re...
Optimizing the OFR model...
Optimizing sp_ini...
Optimizing sp_re...
Optimizing the background investment with scenarios...
Optimizing sp_ini...
Optimizing sp_re...
Index of F capacity: 1, index of flexibility interval: 3, index of n samples 1
  Activating project at `/p/projects/coen/projects/StoFlex3`
/p/projects/coen/projects/StoFlex3/scripts
BLAS Threads: 64
Julia Threads: 1
Hourly electricity demand: min = 233.988,  mean = 2461.594053881279, max = 5749.52
Hourly heat demand: min = 73.26,  mean = 1336.0718652968037, max = 4376.46
Hourly PV production at max. investment: mean = 1919.2439409905166, max = 13307.692307692307
Hourly wind production at max. investment: mean = 2937.80025029931, max = 10000.0
Running experiments with (F = 250, flex_interval = 6, n_samples = 6).
Saving results to /p/projects/coen/projects/StoFlex3/scripts/../exp_results/defaults/
Optimizing the background model...
skipping save
Optimizing the capacity only model...
skipping save
Optimizing the OFIOR model...
Optimizing sp_ini...
Optimizing sp_re...
Optimizing the OFOR model...
Optimizing sp_ini...
Optimizing sp_re...
Optimizing the OFR model...
Optimizing sp_ini...
Optimizing sp_re...
Optimizing the background investment with scenarios...
Optimizing sp_ini...
Optimizing sp_re...
Set parameter Username
Set parameter LicenseID to value 2646195
Academic license - for non-commercial use only - expires 2026-04-01
Index of F capacity: 1, index of flexibility interval: 3, index of n samples 2
Set parameter Username
Set parameter LicenseID to value 2646195
Academic license - for non-commercial use only - expires 2026-04-01
Set parameter Username
Set parameter LicenseID to value 2646195
Academic license - for non-commercial use only - expires 2026-04-01
Set parameter Username
Set parameter LicenseID to value 2646195
Academic license - for non-commercial use only - expires 2026-04-01
Set parameter Username
Set parameter LicenseID to value 2646195
Academic license - for non-commercial use only - expires 2026-04-01
Set parameter Username
Set parameter LicenseID to value 2646195
Academic license - for non-commercial use only - expires 2026-04-01
Set parameter Username
Set parameter LicenseID to value 2646195
Academic license - for non-commercial use only - expires 2026-04-01
Set parameter Username
Set parameter LicenseID to value 2646195
Academic license - for non-commercial use only - expires 2026-04-01
Set parameter Username
Set parameter LicenseID to value 2646195
Academic license - for non-commercial use only - expires 2026-04-01
Set parameter Username
Set parameter LicenseID to value 2646195
Academic license - for non-commercial use only - expires 2026-04-01
  Activating project at `/p/projects/coen/projects/StoFlex3`
/p/projects/coen/projects/StoFlex3/scripts
BLAS Threads: 64
Julia Threads: 1
Hourly electricity demand: min = 233.988,  mean = 2461.594053881279, max = 5749.52
Hourly heat demand: min = 73.26,  mean = 1336.0718652968037, max = 4376.46
Hourly PV production at max. investment: mean = 1919.2439409905166, max = 13307.692307692307
Hourly wind production at max. investment: mean = 2937.80025029931, max = 10000.0
Running experiments with (F = 250, flex_interval = 24, n_samples = 4).
Saving results to /p/projects/coen/projects/StoFlex3/scripts/../exp_results/defaults/
Optimizing the background model...
skipping save
Optimizing the capacity only model...
skipping save
Optimizing the OFIOR model...
Optimizing sp_ini...
Optimizing sp_re...
Optimizing the OFOR model...
Optimizing sp_ini...
Optimizing sp_re...
Optimizing the OFR model...
Optimizing sp_ini...
Optimizing sp_re...
Optimizing the background investment with scenarios...
Optimizing sp_ini...
Optimizing sp_re...
Index of F capacity: 1, index of flexibility interval: 3, index of n samples 3
Set parameter Username
Set parameter LicenseID to value 2646195
Academic license - for non-commercial use only - expires 2026-04-01
Set parameter Username
Set parameter LicenseID to value 2646195
Academic license - for non-commercial use only - expires 2026-04-01
Set parameter Username
Set parameter LicenseID to value 2646195
Academic license - for non-commercial use only - expires 2026-04-01
Set parameter Username
Set parameter LicenseID to value 2646195
Academic license - for non-commercial use only - expires 2026-04-01
  Activating project at `/p/projects/coen/projects/StoFlex3`
/p/projects/coen/projects/StoFlex3/scripts
BLAS Threads: 64
Julia Threads: 1
Hourly electricity demand: min = 233.988,  mean = 2461.594053881279, max = 5749.52
Hourly heat demand: min = 73.26,  mean = 1336.0718652968037, max = 4376.46
Hourly PV production at max. investment: mean = 1919.2439409905166, max = 13307.692307692307
Hourly wind production at max. investment: mean = 2937.80025029931, max = 10000.0
Running experiments with (F = 250, flex_interval = 24, n_samples = 6).
Saving results to /p/projects/coen/projects/StoFlex3/scripts/../exp_results/defaults/
Optimizing the background model...
skipping save
Optimizing the capacity only model...
skipping save
Optimizing the OFIOR model...
Optimizing sp_ini...
Optimizing sp_re...
Optimizing the OFOR model...
Optimizing sp_ini...
Optimizing sp_re...
Optimizing the OFR model...
Optimizing sp_ini...
Optimizing sp_re...
Optimizing the background investment with scenarios...
Optimizing sp_ini...
Optimizing sp_re...
Index of F capacity: 1, index of flexibility interval: 3, index of n samples 4
Set parameter Username
Set parameter LicenseID to value 2646195
Academic license - for non-commercial use only - expires 2026-04-01
Set parameter Username
Set parameter LicenseID to value 2646195
Academic license - for non-commercial use only - expires 2026-04-01
Set parameter Username
Set parameter LicenseID to value 2646195
Academic license - for non-commercial use only - expires 2026-04-01
  Activating project at `/p/projects/coen/projects/StoFlex3`
/p/projects/coen/projects/StoFlex3/scripts
BLAS Threads: 64
Julia Threads: 1
Hourly electricity demand: min = 233.988,  mean = 2461.594053881279, max = 5749.52
Hourly heat demand: min = 73.26,  mean = 1336.0718652968037, max = 4376.46
Hourly PV production at max. investment: mean = 1919.2439409905166, max = 13307.692307692307
Hourly wind production at max. investment: mean = 2937.80025029931, max = 10000.0
Running experiments with (F = 250, flex_interval = 12, n_samples = 10).
Saving results to /p/projects/coen/projects/StoFlex3/scripts/../exp_results/defaults/
Optimizing the background model...
skipping save
Optimizing the capacity only model...
skipping save
Optimizing the OFIOR model...
Optimizing sp_ini...
Optimizing sp_re...
Optimizing the OFOR model...
Optimizing sp_ini...
Optimizing sp_re...
Optimizing the OFR model...
Optimizing sp_ini...
Optimizing sp_re...
Optimizing the background investment with scenarios...
Optimizing sp_ini...
Optimizing sp_re...
Index of F capacity: 1, index of flexibility interval: 3, index of n samples 5
Set parameter Username
Set parameter LicenseID to value 2646195
Academic license - for non-commercial use only - expires 2026-04-01
Set parameter Username
Set parameter LicenseID to value 2646195
Academic license - for non-commercial use only - expires 2026-04-01
Set parameter Username
Set parameter LicenseID to value 2646195
Academic license - for non-commercial use only - expires 2026-04-01
Set parameter Username
Set parameter LicenseID to value 2646195
Academic license - for non-commercial use only - expires 2026-04-01
Set parameter Username
Set parameter LicenseID to value 2646195
Academic license - for non-commercial use only - expires 2026-04-01
Set parameter Username
Set parameter LicenseID to value 2646195
Academic license - for non-commercial use only - expires 2026-04-01
Set parameter Username
Set parameter LicenseID to value 2646195
Academic license - for non-commercial use only - expires 2026-04-01
Set parameter Username
Set parameter LicenseID to value 2646195
Academic license - for non-commercial use only - expires 2026-04-01
Set parameter Username
Set parameter LicenseID to value 2646195
Academic license - for non-commercial use only - expires 2026-04-01
Set parameter Username
Set parameter LicenseID to value 2646195
Academic license - for non-commercial use only - expires 2026-04-01
Set parameter Username
Set parameter LicenseID to value 2646195
Academic license - for non-commercial use only - expires 2026-04-01
Set parameter Username
Set parameter LicenseID to value 2646195
Academic license - for non-commercial use only - expires 2026-04-01
Set parameter Username
Set parameter LicenseID to value 2646195
Academic license - for non-commercial use only - expires 2026-04-01
  Activating project at `/p/projects/coen/projects/StoFlex3`
┌ Warning: More samples than time points – times will repeat.
└ @ Main /p/projects/coen/projects/StoFlex3/src/sp_model.jl:27
┌ Warning: More samples than time points – times will repeat.
└ @ Main /p/projects/coen/projects/StoFlex3/src/sp_model.jl:27
/p/projects/coen/projects/StoFlex3/scripts
BLAS Threads: 64
Julia Threads: 1
Hourly electricity demand: min = 233.988,  mean = 2461.594053881279, max = 5749.52
Hourly heat demand: min = 73.26,  mean = 1336.0718652968037, max = 4376.46
Hourly PV production at max. investment: mean = 1919.2439409905166, max = 13307.692307692307
Hourly wind production at max. investment: mean = 2937.80025029931, max = 10000.0
Running experiments with (F = 250, flex_interval = 6, n_samples = 8).
Saving results to /p/projects/coen/projects/StoFlex3/scripts/../exp_results/defaults/
Optimizing the background model...
skipping save
Optimizing the capacity only model...
skipping save
Optimizing the OFIOR model...
Optimizing sp_ini...
Optimizing sp_re...
Optimizing the OFOR model...
Optimizing sp_ini...
Optimizing sp_re...
Optimizing the OFR model...
Optimizing sp_ini...
Optimizing sp_re...
Optimizing the background investment with scenarios...
Optimizing sp_ini...
Optimizing sp_re...
Index of F capacity: 2, index of flexibility interval: 1, index of n samples 1
  Activating project at `/p/projects/coen/projects/StoFlex3`
/p/projects/coen/projects/StoFlex3/scripts
BLAS Threads: 64
Julia Threads: 1
Hourly electricity demand: min = 233.988,  mean = 2461.594053881279, max = 5749.52
Hourly heat demand: min = 73.26,  mean = 1336.0718652968037, max = 4376.46
Hourly PV production at max. investment: mean = 1919.2439409905166, max = 13307.692307692307
Hourly wind production at max. investment: mean = 2937.80025029931, max = 10000.0
Running experiments with (F = 250, flex_interval = 24, n_samples = 8).
Saving results to /p/projects/coen/projects/StoFlex3/scripts/../exp_results/defaults/
Optimizing the background model...
skipping save
Optimizing the capacity only model...
skipping save
Optimizing the OFIOR model...
Optimizing sp_ini...
Optimizing sp_re...
Optimizing the OFOR model...
Optimizing sp_ini...
Optimizing sp_re...
Optimizing the OFR model...
Optimizing sp_ini...
Optimizing sp_re...
Optimizing the background investment with scenarios...
Optimizing sp_ini...
Optimizing sp_re...
Index of F capacity: 2, index of flexibility interval: 1, index of n samples 2
Set parameter Username
Set parameter LicenseID to value 2646195
Academic license - for non-commercial use only - expires 2026-04-01
Set parameter Username
Set parameter LicenseID to value 2646195
Academic license - for non-commercial use only - expires 2026-04-01
Set parameter Username
Set parameter LicenseID to value 2646195
Academic license - for non-commercial use only - expires 2026-04-01
Set parameter Username
Set parameter LicenseID to value 2646195
Academic license - for non-commercial use only - expires 2026-04-01
Set parameter Username
Set parameter LicenseID to value 2646195
Academic license - for non-commercial use only - expires 2026-04-01
Set parameter Username
Set parameter LicenseID to value 2646195
Academic license - for non-commercial use only - expires 2026-04-01
Set parameter Username
Set parameter LicenseID to value 2646195
Academic license - for non-commercial use only - expires 2026-04-01
Set parameter Username
Set parameter LicenseID to value 2646195
Academic license - for non-commercial use only - expires 2026-04-01
Set parameter Username
Set parameter LicenseID to value 2646195
Academic license - for non-commercial use only - expires 2026-04-01
Set parameter Username
Set parameter LicenseID to value 2646195
Academic license - for non-commercial use only - expires 2026-04-01
  Activating project at `/p/projects/coen/projects/StoFlex3`
/p/projects/coen/projects/StoFlex3/scripts
BLAS Threads: 64
Julia Threads: 1
Hourly electricity demand: min = 233.988,  mean = 2461.594053881279, max = 5749.52
Hourly heat demand: min = 73.26,  mean = 1336.0718652968037, max = 4376.46
Hourly PV production at max. investment: mean = 1919.2439409905166, max = 13307.692307692307
Hourly wind production at max. investment: mean = 2937.80025029931, max = 10000.0
Running experiments with (F = 250, flex_interval = 24, n_samples = 10).
Saving results to /p/projects/coen/projects/StoFlex3/scripts/../exp_results/defaults/
Optimizing the background model...
skipping save
Optimizing the capacity only model...
skipping save
Optimizing the OFIOR model...
Optimizing sp_ini...
Optimizing sp_re...
Optimizing the OFOR model...
Optimizing sp_ini...
Optimizing sp_re...
Optimizing the OFR model...
Optimizing sp_ini...
Optimizing sp_re...
Optimizing the background investment with scenarios...
Optimizing sp_ini...
Optimizing sp_re...
Index of F capacity: 2, index of flexibility interval: 1, index of n samples 3
Set parameter Username
Set parameter LicenseID to value 2646195
Academic license - for non-commercial use only - expires 2026-04-01
Set parameter Username
Set parameter LicenseID to value 2646195
Academic license - for non-commercial use only - expires 2026-04-01
Set parameter Username
Set parameter LicenseID to value 2646195
Academic license - for non-commercial use only - expires 2026-04-01
Set parameter Username
Set parameter LicenseID to value 2646195
Academic license - for non-commercial use only - expires 2026-04-01
Set parameter Username
Set parameter LicenseID to value 2646195
Academic license - for non-commercial use only - expires 2026-04-01
Set parameter Username
Set parameter LicenseID to value 2646195
Academic license - for non-commercial use only - expires 2026-04-01
Set parameter Username
Set parameter LicenseID to value 2646195
Academic license - for non-commercial use only - expires 2026-04-01
Set parameter Username
Set parameter LicenseID to value 2646195
Academic license - for non-commercial use only - expires 2026-04-01
  Activating project at `/p/projects/coen/projects/StoFlex3`
/p/projects/coen/projects/StoFlex3/scripts
BLAS Threads: 64
Julia Threads: 1
Hourly electricity demand: min = 233.988,  mean = 2461.594053881279, max = 5749.52
Hourly heat demand: min = 73.26,  mean = 1336.0718652968037, max = 4376.46
Hourly PV production at max. investment: mean = 1919.2439409905166, max = 13307.692307692307
Hourly wind production at max. investment: mean = 2937.80025029931, max = 10000.0
Running experiments with (F = 250, flex_interval = 24, n_samples = 12).
Saving results to /p/projects/coen/projects/StoFlex3/scripts/../exp_results/defaults/
Optimizing the background model...
skipping save
Optimizing the capacity only model...
skipping save
Optimizing the OFIOR model...
Optimizing sp_ini...
Optimizing sp_re...
Optimizing the OFOR model...
Optimizing sp_ini...
Optimizing sp_re...
Optimizing the OFR model...
Optimizing sp_ini...
Optimizing sp_re...
Optimizing the background investment with scenarios...
Optimizing sp_ini...
Optimizing sp_re...
Index of F capacity: 2, index of flexibility interval: 1, index of n samples 4
  Activating project at `/p/projects/coen/projects/StoFlex3`
/p/projects/coen/projects/StoFlex3/scripts
BLAS Threads: 64
Julia Threads: 1
Hourly electricity demand: min = 233.988,  mean = 2461.594053881279, max = 5749.52
Hourly heat demand: min = 73.26,  mean = 1336.0718652968037, max = 4376.46
Hourly PV production at max. investment: mean = 1919.2439409905166, max = 13307.692307692307
Hourly wind production at max. investment: mean = 2937.80025029931, max = 10000.0
Running experiments with (F = 250, flex_interval = 12, n_samples = 12).
Saving results to /p/projects/coen/projects/StoFlex3/scripts/../exp_results/defaults/
Optimizing the background model...
skipping save
Optimizing the capacity only model...
skipping save
Optimizing the OFIOR model...
Optimizing sp_ini...
Optimizing sp_re...
Optimizing the OFOR model...
Optimizing sp_ini...
Optimizing sp_re...
Optimizing the OFR model...
Optimizing sp_ini...
Optimizing sp_re...
Optimizing the background investment with scenarios...
Optimizing sp_ini...
Optimizing sp_re...
Index of F capacity: 2, index of flexibility interval: 1, index of n samples 5
Set parameter Username
Set parameter LicenseID to value 2646195
Academic license - for non-commercial use only - expires 2026-04-01
Set parameter Username
Set parameter LicenseID to value 2646195
Academic license - for non-commercial use only - expires 2026-04-01
Set parameter Username
Set parameter LicenseID to value 2646195
Set parameter Username
Set parameter LicenseID to value 2646195
Academic license - for non-commercial use only - expires 2026-04-01
Academic license - for non-commercial use only - expires 2026-04-01
Set parameter Username
Set parameter LicenseID to value 2646195
Academic license - for non-commercial use only - expires 2026-04-01
Set parameter Username
Set parameter LicenseID to value 2646195
Academic license - for non-commercial use only - expires 2026-04-01
Set parameter Username
Set parameter LicenseID to value 2646195
Academic license - for non-commercial use only - expires 2026-04-01
Set parameter Username
Set parameter LicenseID to value 2646195
Academic license - for non-commercial use only - expires 2026-04-01
Set parameter Username
Set parameter LicenseID to value 2646195
Academic license - for non-commercial use only - expires 2026-04-01
Set parameter Username
Set parameter LicenseID to value 2646195
Academic license - for non-commercial use only - expires 2026-04-01
Set parameter Username
Set parameter LicenseID to value 2646195
Academic license - for non-commercial use only - expires 2026-04-01
Set parameter Username
Set parameter LicenseID to value 2646195
Academic license - for non-commercial use only - expires 2026-04-01
  Activating project at `/p/projects/coen/projects/StoFlex3`
/p/projects/coen/projects/StoFlex3/scripts
BLAS Threads: 64
Julia Threads: 1
Hourly electricity demand: min = 233.988,  mean = 2461.594053881279, max = 5749.52
Hourly heat demand: min = 73.26,  mean = 1336.0718652968037, max = 4376.46
Hourly PV production at max. investment: mean = 1919.2439409905166, max = 13307.692307692307
Hourly wind production at max. investment: mean = 2937.80025029931, max = 10000.0
Running experiments with (F = 500, flex_interval = 6, n_samples = 4).
Saving results to /p/projects/coen/projects/StoFlex3/scripts/../exp_results/defaults/
Optimizing the background model...
skipping save
Optimizing the capacity only model...
Saving the first-stage model capacity_only at /p/projects/coen/projects/StoFlex3/scripts/../exp_results/defaults/F_500/.
termination_status(sp) = MathOptInterface.OPTIMAL
Optimizing the OFIOR model...
Optimizing sp_ini...
Optimizing sp_re...
Optimizing the OFOR model...
Optimizing sp_ini...
Optimizing sp_re...
Optimizing the OFR model...
Optimizing sp_ini...
Optimizing sp_re...
Optimizing the background investment with scenarios...
Optimizing sp_ini...
Optimizing sp_re...
Index of F capacity: 2, index of flexibility interval: 2, index of n samples 1
  Activating project at `/p/projects/coen/projects/StoFlex3`
┌ Warning: More samples than time points – times will repeat.
└ @ Main /p/projects/coen/projects/StoFlex3/src/sp_model.jl:27
┌ Warning: More samples than time points – times will repeat.
└ @ Main /p/projects/coen/projects/StoFlex3/src/sp_model.jl:27
/p/projects/coen/projects/StoFlex3/scripts
BLAS Threads: 64
Julia Threads: 1
Hourly electricity demand: min = 233.988,  mean = 2461.594053881279, max = 5749.52
Hourly heat demand: min = 73.26,  mean = 1336.0718652968037, max = 4376.46
Hourly PV production at max. investment: mean = 1919.2439409905166, max = 13307.692307692307
Hourly wind production at max. investment: mean = 2937.80025029931, max = 10000.0
Running experiments with (F = 250, flex_interval = 6, n_samples = 10).
Saving results to /p/projects/coen/projects/StoFlex3/scripts/../exp_results/defaults/
Optimizing the background model...
skipping save
Optimizing the capacity only model...
skipping save
Optimizing the OFIOR model...
Optimizing sp_ini...
Optimizing sp_re...
Optimizing the OFOR model...
Optimizing sp_ini...
Optimizing sp_re...
Optimizing the OFR model...
Optimizing sp_ini...
Optimizing sp_re...
Optimizing the background investment with scenarios...
Optimizing sp_ini...
Optimizing sp_re...
Index of F capacity: 2, index of flexibility interval: 2, index of n samples 2
Set parameter Username
Set parameter LicenseID to value 2646195
Academic license - for non-commercial use only - expires 2026-04-01
Set parameter Username
Set parameter LicenseID to value 2646195
Academic license - for non-commercial use only - expires 2026-04-01
Set parameter Username
Set parameter LicenseID to value 2646195
Academic license - for non-commercial use only - expires 2026-04-01
Set parameter Username
Set parameter LicenseID to value 2646195
Academic license - for non-commercial use only - expires 2026-04-01
Set parameter Username
Set parameter LicenseID to value 2646195
Academic license - for non-commercial use only - expires 2026-04-01
Set parameter Username
Set parameter LicenseID to value 2646195
Academic license - for non-commercial use only - expires 2026-04-01
Set parameter Username
Set parameter LicenseID to value 2646195
Academic license - for non-commercial use only - expires 2026-04-01
Set parameter Username
Set parameter LicenseID to value 2646195
Academic license - for non-commercial use only - expires 2026-04-01
Set parameter Username
Set parameter LicenseID to value 2646195
Academic license - for non-commercial use only - expires 2026-04-01
Set parameter Username
Set parameter LicenseID to value 2646195
Academic license - for non-commercial use only - expires 2026-04-01
Set parameter Username
Set parameter LicenseID to value 2646195
Academic license - for non-commercial use only - expires 2026-04-01
Set parameter Username
Set parameter LicenseID to value 2646195
Academic license - for non-commercial use only - expires 2026-04-01
  Activating project at `/p/projects/coen/projects/StoFlex3`
/p/projects/coen/projects/StoFlex3/scripts
BLAS Threads: 64
Julia Threads: 1
Hourly electricity demand: min = 233.988,  mean = 2461.594053881279, max = 5749.52
Hourly heat demand: min = 73.26,  mean = 1336.0718652968037, max = 4376.46
Hourly PV production at max. investment: mean = 1919.2439409905166, max = 13307.692307692307
Hourly wind production at max. investment: mean = 2937.80025029931, max = 10000.0
Running experiments with (F = 500, flex_interval = 12, n_samples = 4).
Saving results to /p/projects/coen/projects/StoFlex3/scripts/../exp_results/defaults/
Optimizing the background model...
skipping save
Optimizing the capacity only model...
skipping save
Optimizing the OFIOR model...
Optimizing sp_ini...
Optimizing sp_re...
Optimizing the OFOR model...
Optimizing sp_ini...
Optimizing sp_re...
Optimizing the OFR model...
Optimizing sp_ini...
Optimizing sp_re...
Optimizing the background investment with scenarios...
Optimizing sp_ini...
Optimizing sp_re...
Index of F capacity: 2, index of flexibility interval: 2, index of n samples 3
